
========== Testing ControllableProducer ==========
tests/filter_compliance/test_lifecycle_basic.c:204:test_lifecycle_basic:[42mPASS[0m
tests/filter_compliance/test_lifecycle_with_worker.c:204:test_lifecycle_with_worker:[42mPASS[0m
tests/filter_compliance/test_lifecycle_restart.c:204:test_lifecycle_restart:[42mPASS[0m
tests/filter_compliance/test_lifecycle_errors.c:204:test_lifecycle_errors:[42mPASS[0m
tests/filter_compliance/test_connection_single_sink.c:204:test_connection_single_sink:[42mPASS[0m
tests/filter_compliance/test_connection_multi_sink.c:20:test_connection_multi_sink:[43mIGNORE[0m: Filter doesn't support multiple outputs
tests/filter_compliance/test_connection_type_safety.c:14:test_connection_type_safety:[43mIGNORE[0m: Filter has no inputs
tests/filter_compliance/test_dataflow_passthrough.c:204:test_dataflow_passthrough:[42mPASS[0m
tests/filter_compliance/test_dataflow_backpressure.c:204:test_dataflow_backpressure:[42mPASS[0m
tests/filter_compliance/test_error_invalid_config.c:14:test_error_invalid_config:INFO: Filter correctly rejected NULL config
tests/filter_compliance/test_error_invalid_config.c:204:test_error_invalid_config:[42mPASS[0m
tests/filter_compliance/test_error_timeout.c:13:test_error_timeout:[43mIGNORE[0m: Filter has no inputs
tests/filter_compliance/test_thread_worker_lifecycle.c:204:test_thread_worker_lifecycle:[42mPASS[0m
tests/filter_compliance/test_thread_shutdown_sync.c:204:test_thread_shutdown_sync:[42mPASS[0m
tests/filter_compliance/test_perf_throughput.c:204:test_perf_throughput:[42mPASS[0m
tests/filter_compliance/test_buffer_edge_cases.c:91:test_buffer_minimum_size:[43mIGNORE[0m: Filter has no inputs
tests/filter_compliance/test_buffer_edge_cases.c:215:test_buffer_overflow_drop_head:[43mIGNORE[0m: Filter has no inputs
tests/filter_compliance/test_buffer_edge_cases.c:343:test_buffer_overflow_drop_tail:[43mIGNORE[0m: Filter has no inputs
tests/filter_compliance/test_buffer_edge_cases.c:465:test_buffer_large_batches:[43mIGNORE[0m: Filter has no inputs

-----------------------
18 Tests 0 Failures 7 Ignored 
[42mOK[0m

=== ControllableProducer Performance Metrics ===
  Throughput: 0.05 Msamples/sec
  Batches: 25
  Time: 500.64 ms


========== Testing ControllableConsumer ==========
tests/filter_compliance/test_lifecycle_basic.c:204:test_lifecycle_basic:[42mPASS[0m
tests/filter_compliance/test_lifecycle_with_worker.c:204:test_lifecycle_with_worker:[42mPASS[0m
tests/filter_compliance/test_lifecycle_restart.c:204:test_lifecycle_restart:[42mPASS[0m
tests/filter_compliance/test_lifecycle_errors.c:204:test_lifecycle_errors:[42mPASS[0m
tests/filter_compliance/test_connection_single_sink.c:13:test_connection_single_sink:[43mIGNORE[0m: Filter has no outputs
tests/filter_compliance/test_connection_multi_sink.c:13:test_connection_multi_sink:[43mIGNORE[0m: Filter has no outputs
tests/filter_compliance/test_connection_type_safety.c:13:test_connection_type_safety:[43mIGNORE[0m: Filter has no outputs
tests/filter_compliance/test_dataflow_passthrough.c:204:test_dataflow_passthrough:[42mPASS[0m
tests/filter_compliance/test_dataflow_backpressure.c:204:test_dataflow_backpressure:[42mPASS[0m
tests/filter_compliance/test_error_invalid_config.c:14:test_error_invalid_config:INFO: Filter correctly rejected NULL config
tests/filter_compliance/test_error_invalid_config.c:204:test_error_invalid_config:[42mPASS[0m
tests/filter_compliance/test_error_timeout.c:204:test_error_timeout:[42mPASS[0m
tests/filter_compliance/test_thread_worker_lifecycle.c:204:test_thread_worker_lifecycle:[42mPASS[0m
tests/filter_compliance/test_thread_shutdown_sync.c:18:test_thread_shutdown_sync:[43mIGNORE[0m: Filter has no outputs
tests/filter_compliance/test_perf_throughput.c:204:test_perf_throughput:[42mPASS[0m
tests/filter_compliance/test_buffer_edge_cases.c:204:test_buffer_minimum_size:[42mPASS[0m
tests/filter_compliance/test_buffer_edge_cases.c:204:test_buffer_overflow_drop_head:[42mPASS[0m
tests/filter_compliance/test_buffer_edge_cases.c:204:test_buffer_overflow_drop_tail:[42mPASS[0m
tests/filter_compliance/test_buffer_edge_cases.c:204:test_buffer_large_batches:[42mPASS[0m

-----------------------
18 Tests 0 Failures 4 Ignored 
[42mOK[0m

=== ControllableConsumer Performance Metrics ===
  Throughput: 9.02 Msamples/sec
  Batches: 1000
  Time: 113.53 ms


========== Testing Passthrough ==========
tests/filter_compliance/test_lifecycle_basic.c:204:test_lifecycle_basic:[42mPASS[0m
tests/filter_compliance/test_lifecycle_with_worker.c:204:test_lifecycle_with_worker:[42mPASS[0m
tests/filter_compliance/test_lifecycle_restart.c:204:test_lifecycle_restart:[42mPASS[0m
tests/filter_compliance/test_lifecycle_errors.c:204:test_lifecycle_errors:[42mPASS[0m
tests/filter_compliance/test_connection_single_sink.c:204:test_connection_single_sink:[42mPASS[0m
tests/filter_compliance/test_connection_multi_sink.c:20:test_connection_multi_sink:[43mIGNORE[0m: Filter doesn't support multiple outputs
tests/filter_compliance/test_connection_type_safety.c:204:test_connection_type_safety:[42mPASS[0m
tests/filter_compliance/test_dataflow_passthrough.c:204:test_dataflow_passthrough:[42mPASS[0m
tests/filter_compliance/test_dataflow_backpressure.c:204:test_dataflow_backpressure:[42mPASS[0m
tests/filter_compliance/test_error_invalid_config.c:14:test_error_invalid_config:INFO: Filter correctly rejected NULL config
tests/filter_compliance/test_error_invalid_config.c:204:test_error_invalid_config:[42mPASS[0m
tests/filter_compliance/test_error_timeout.c:204:test_error_timeout:[42mPASS[0m
tests/filter_compliance/test_thread_worker_lifecycle.c:204:test_thread_worker_lifecycle:[42mPASS[0m
tests/filter_compliance/test_thread_shutdown_sync.c:204:test_thread_shutdown_sync:[42mPASS[0m
tests/filter_compliance/test_perf_throughput.c:204:test_perf_throughput:[42mPASS[0m
tests/filter_compliance/test_buffer_edge_cases.c:204:test_buffer_minimum_size:[42mPASS[0m
tests/filter_compliance/test_buffer_edge_cases.c:204:test_buffer_overflow_drop_head:[42mPASS[0m
tests/filter_compliance/test_buffer_edge_cases.c:204:test_buffer_overflow_drop_tail:[42mPASS[0m
tests/filter_compliance/test_buffer_edge_cases.c:204:test_buffer_large_batches:[42mPASS[0m

-----------------------
18 Tests 0 Failures 1 Ignored 
[42mOK[0m

=== Passthrough Performance Metrics ===
  Throughput: 9.97 Msamples/sec
  Batches: 1000
  Time: 102.74 ms


========== SUMMARY ==========
Tested 3 filters with 18 compliance tests each
