[2025-06-29 19:13:23] SUCCESS: ./build/test_core_filter test_BpFilter_Init_Success (completed within 10s)
[2025-06-29 19:13:28] SUCCESS: ./build/test_core_filter test_Bp_Filter_Start_Success (completed within 10s)
[2025-06-29 19:13:33] SUCCESS: ./build/test_core_filter test_Await_Timeout_Behavior (completed within 10s)
[2025-06-29 19:15:53] SUCCESS: ./build/test_core_filter test_BpFilter_Init_Success (completed within 10s)
[2025-06-29 19:15:53] SUCCESS: ./build/test_core_filter test_BpFilter_Init_Failure (completed within 10s)
[2025-06-29 19:15:53] SUCCESS: ./build/test_core_filter test_Bp_add_sink_Success (completed within 10s)
[2025-06-29 19:15:53] SUCCESS: ./build/test_core_filter test_Bp_add_multiple_sinks (completed within 10s)
[2025-06-29 19:15:53] SUCCESS: ./build/test_core_filter test_Bp_remove_sink_Success (completed within 10s)
[2025-06-29 19:15:53] SUCCESS: ./build/test_core_filter test_multi_transform_function (completed within 10s)
[2025-06-29 19:15:53] SUCCESS: ./build/test_core_filter test_Bp_Filter_Start_Success (completed within 10s)
[2025-06-29 19:15:53] SUCCESS: ./build/test_core_filter test_Bp_Filter_Start_Already_Running (completed within 10s)
[2025-06-29 19:15:53] SUCCESS: ./build/test_core_filter test_Bp_Filter_Stop_Success (completed within 10s)
[2025-06-29 19:15:53] SUCCESS: ./build/test_core_filter test_Bp_Filter_Stop_Not_Running (completed within 10s)
[2025-06-29 19:15:53] SUCCESS: ./build/test_core_filter test_Bp_Filter_Start_Null_Filter (completed within 10s)
[2025-06-29 19:15:53] SUCCESS: ./build/test_core_filter test_Bp_Filter_Stop_Null_Filter (completed within 10s)
[2025-06-29 19:15:53] SUCCESS: ./build/test_core_filter test_Overflow_Behavior_Block_Default (completed within 10s)
[2025-06-29 19:18:30] SUCCESS: ./build/test_core_filter  (completed within 30s)
[2025-06-29 19:18:40] SUCCESS: ./build/test_core_filter  (completed within 30s)
[2025-06-29 19:18:40] SUCCESS: ./build/test_core_filter  (completed within 30s)
[2025-06-29 19:18:40] SUCCESS: ./build/test_core_filter  (completed within 30s)
[2025-06-29 19:18:46] SUCCESS: ./build/test_core_filter  (completed within 30s)
[2025-06-29 19:18:46] SUCCESS: ./build/test_signal_gen  (completed within 30s)
[2025-06-29 19:18:46] SUCCESS: ./build/test_sentinel  (completed within 30s)
[2025-06-29 19:18:46] SUCCESS: ./build/test_simple_multi_output  (completed within 30s)
